<?xml version="1.0" encoding="utf-8"?><testsuites name="pytest tests"><testsuite name="pytest" errors="0" failures="0" skipped="0" tests="13" time="14.012" timestamp="2025-11-13T13:45:32.610539+08:00" hostname="DESKTOP-II0D7GL"><testcase classname="tests.test_filter.TestEKF" name="test_creation" time="0.000" /><testcase classname="tests.test_filter.TestEKF" name="test_predict" time="0.002" /><testcase classname="tests.test_filter.TestEKF" name="test_update" time="0.000" /><testcase classname="tests.test_filter.TestEKF" name="test_marginalize" time="0.000" /><testcase classname="tests.test_filter.TestEKF" name="test_augment" time="0.000" /><testcase classname="tests.test_filter.TestMSCKF" name="test_creation" time="0.001" /><testcase classname="tests.test_filter.TestMSCKF" name="test_imu_propagation" time="0.007" /><testcase classname="tests.test_filter.TestMSCKF" name="test_state_augmentation" time="0.001" /><testcase classname="tests.test_filter.TestMSCKF" name="test_camera_state_marginalization" time="0.001" /><testcase classname="tests.test_filter.TestMSCKF" name="test_get_state" time="0.000" /><testcase classname="tests.test_filter.TestMSCKF" name="test_get_covariance" time="0.000" /><testcase classname="tests.test_filter.TestIMUPropagation" name="test_constant_velocity" time="0.001" /><testcase classname="tests.test_filter.TestIMUFromCSV" name="test_msckf_with_csv" time="0.117" /></testsuite></testsuites>